Build started 23/02/2016 09:28:01.
     1>Project "C:\Users\gavinob\Desktop\SuckerPunch\SuckerPunch\SuckerPunch.vcxproj" on node 2 (Build target(s)).
     1>ClCompile:
         C:\Program Files (x86)\Microsoft Visual Studio 12.0\VC\bin\CL.exe /c /I"C:\SFML-2.3.2\include" /ZI /nologo /W3 /WX- /sdl /Od /Oy- /D WIN32 /D _DEBUG /D _CONSOLE /D _LIB /D _UNICODE /D UNICODE /Gm /EHsc /RTC1 /MDd /GS /fp:precise /Zc:wchar_t /Zc:forScope /Yu"stdafx.h" /Fp"Debug\SuckerPunch.pch" /Fo"Debug\\" /Fd"Debug\vc120.pdb" /Gd /TP /analyze- /errorReport:prompt SuckerPunch.cpp
         SuckerPunch.cpp
     1>c:\users\gavinob\desktop\suckerpunch\suckerpunch\suckerpunch.cpp(103): warning C4244: 'argument' : conversion from 'int' to 'float', possible loss of data
     1>c:\users\gavinob\desktop\suckerpunch\suckerpunch\suckerpunch.cpp(112): warning C4244: 'argument' : conversion from 'int' to 'float', possible loss of data
     1>c:\users\gavinob\desktop\suckerpunch\suckerpunch\suckerpunch.cpp(158): warning C4305: 'argument' : truncation from 'double' to 'float'
     1>c:\users\gavinob\desktop\suckerpunch\suckerpunch\suckerpunch.cpp(160): warning C4305: 'argument' : truncation from 'double' to 'float'
     1>c:\users\gavinob\desktop\suckerpunch\suckerpunch\suckerpunch.cpp(162): warning C4305: 'argument' : truncation from 'double' to 'float'
     1>c:\users\gavinob\desktop\suckerpunch\suckerpunch\suckerpunch.cpp(164): warning C4305: 'argument' : truncation from 'double' to 'float'
     1>c:\users\gavinob\desktop\suckerpunch\suckerpunch\suckerpunch.cpp(170): warning C4244: 'argument' : conversion from 'int' to 'float', possible loss of data
     1>c:\users\gavinob\desktop\suckerpunch\suckerpunch\suckerpunch.cpp(171): warning C4244: 'argument' : conversion from 'unsigned int' to 'float', possible loss of data
     1>c:\users\gavinob\desktop\suckerpunch\suckerpunch\suckerpunch.cpp(222): warning C4244: 'argument' : conversion from 'int' to 'float', possible loss of data
     1>c:\users\gavinob\desktop\suckerpunch\suckerpunch\suckerpunch.cpp(235): warning C4244: 'argument' : conversion from 'int' to 'float', possible loss of data
     1>c:\users\gavinob\desktop\suckerpunch\suckerpunch\suckerpunch.cpp(439): warning C4244: 'argument' : conversion from 'const float' to 'int', possible loss of data
     1>c:\users\gavinob\desktop\suckerpunch\suckerpunch\suckerpunch.cpp(485): warning C4244: 'argument' : conversion from 'const float' to 'int', possible loss of data
     1>c:\users\gavinob\desktop\suckerpunch\suckerpunch\suckerpunch.cpp(552): warning C4244: 'argument' : conversion from 'float' to 'int', possible loss of data
     1>c:\users\gavinob\desktop\suckerpunch\suckerpunch\suckerpunch.cpp(592): warning C4305: 'argument' : truncation from 'double' to 'float'
     1>c:\users\gavinob\desktop\suckerpunch\suckerpunch\suckerpunch.cpp(716): warning C4305: 'argument' : truncation from 'double' to 'float'
       Link:
         C:\Program Files (x86)\Microsoft Visual Studio 12.0\VC\bin\link.exe /ERRORREPORT:PROMPT /OUT:"C:\Users\gavinob\Desktop\SuckerPunch\Debug\SuckerPunch.exe" /INCREMENTAL /NOLOGO /LIBPATH:"C:\SFML-2.3.2\lib" kernel32.lib user32.lib gdi32.lib winspool.lib comdlg32.lib advapi32.lib shell32.lib ole32.lib oleaut32.lib uuid.lib odbc32.lib odbccp32.lib /MANIFEST /MANIFESTUAC:"level='asInvoker' uiAccess='false'" /manifest:embed /DEBUG /PDB:"C:\Users\gavinob\Desktop\SuckerPunch\Debug\SuckerPunch.pdb" /SUBSYSTEM:CONSOLE /TLBID:1 /DYNAMICBASE /NXCOMPAT /IMPLIB:"C:\Users\gavinob\Desktop\SuckerPunch\Debug\SuckerPunch.lib" /MACHINE:X86 Debug\Controller.obj
         Debug\Entity.obj
         Debug\HitboxManager.obj
         Debug\SoundManager.obj
         Debug\stdafx.obj
         Debug\SuckerPunch.obj
         Debug\UI.obj
         SuckerPunch.vcxproj -> C:\Users\gavinob\Desktop\SuckerPunch\Debug\SuckerPunch.exe
     1>Done Building Project "C:\Users\gavinob\Desktop\SuckerPunch\SuckerPunch\SuckerPunch.vcxproj" (Build target(s)).

Build succeeded.

Time Elapsed 00:00:01.39
