c:\users\gavinob\desktop\suckerpunch\suckerpunch\debug\suckerpunch.pch
c:\users\gavinob\desktop\suckerpunch\suckerpunch\debug\vc120.pdb
c:\users\gavinob\desktop\suckerpunch\suckerpunch\debug\vc120.idb
c:\users\gavinob\desktop\suckerpunch\suckerpunch\debug\stdafx.obj
c:\users\gavinob\desktop\suckerpunch\suckerpunch\debug\controller.obj
c:\users\gavinob\desktop\suckerpunch\suckerpunch\debug\entity.obj
c:\users\gavinob\desktop\suckerpunch\suckerpunch\debug\hitboxmanager.obj
c:\users\gavinob\desktop\suckerpunch\suckerpunch\debug\soundmanager.obj
c:\users\gavinob\desktop\suckerpunch\suckerpunch\debug\suckerpunch.obj
c:\users\gavinob\desktop\suckerpunch\suckerpunch\debug\ui.obj
c:\users\gavinob\desktop\suckerpunch\suckerpunch\debug\platform.obj
c:\users\gavinob\desktop\suckerpunch\debug\suckerpunch.ilk
c:\users\gavinob\desktop\suckerpunch\debug\suckerpunch.exe
c:\users\gavinob\desktop\suckerpunch\debug\suckerpunch.pdb
c:\users\gavinob\desktop\suckerpunch\suckerpunch\debug\suckerpunch.tlog\cl.command.1.tlog
c:\users\gavinob\desktop\suckerpunch\suckerpunch\debug\suckerpunch.tlog\cl.read.1.tlog
c:\users\gavinob\desktop\suckerpunch\suckerpunch\debug\suckerpunch.tlog\cl.write.1.tlog
c:\users\gavinob\desktop\suckerpunch\suckerpunch\debug\suckerpunch.tlog\link.command.1.tlog
c:\users\gavinob\desktop\suckerpunch\suckerpunch\debug\suckerpunch.tlog\link.read.1.tlog
c:\users\gavinob\desktop\suckerpunch\suckerpunch\debug\suckerpunch.tlog\link.write.1.tlog
