Build started 20/10/2015 14:43:55.
     1>Project "C:\Users\gavinob\documents\visual studio 2013\Projects\SuckerPunch\SuckerPunch\SuckerPunch.vcxproj" on node 2 (Build target(s)).
     1>ClCompile:
         C:\Program Files (x86)\Microsoft Visual Studio 12.0\VC\bin\x86_amd64\CL.exe /c /I"C:\SFML-2.3.2\include" /Zi /nologo /W3 /WX- /sdl /Od /D WIN32 /D _DEBUG /D _CONSOLE /D _LIB /D _UNICODE /D UNICODE /Gm /EHsc /RTC1 /MDd /GS /fp:precise /Zc:wchar_t /Zc:forScope /Yc"stdafx.h" /Fp"x64\Debug\SuckerPunch.pch" /Fo"x64\Debug\\" /Fd"x64\Debug\vc120.pdb" /Gd /TP /errorReport:prompt stdafx.cpp
         stdafx.cpp
         C:\Program Files (x86)\Microsoft Visual Studio 12.0\VC\bin\x86_amd64\CL.exe /c /I"C:\SFML-2.3.2\include" /Zi /nologo /W3 /WX- /sdl /Od /D WIN32 /D _DEBUG /D _CONSOLE /D _LIB /D _UNICODE /D UNICODE /Gm /EHsc /RTC1 /MDd /GS /fp:precise /Zc:wchar_t /Zc:forScope /Yu"stdafx.h" /Fp"x64\Debug\SuckerPunch.pch" /Fo"x64\Debug\\" /Fd"x64\Debug\vc120.pdb" /Gd /TP /errorReport:prompt Entity.cpp Player.cpp SuckerPunch.cpp
         SuckerPunch.cpp
     1>c:\users\gavinob\documents\visual studio 2013\projects\suckerpunch\suckerpunch\Entity.h(45): warning C4305: 'initializing' : truncation from 'double' to 'const float'
         Player.cpp
     1>c:\users\gavinob\documents\visual studio 2013\projects\suckerpunch\suckerpunch\Entity.h(45): warning C4305: 'initializing' : truncation from 'double' to 'const float'
         Entity.cpp
     1>c:\users\gavinob\documents\visual studio 2013\projects\suckerpunch\suckerpunch\Entity.h(45): warning C4305: 'initializing' : truncation from 'double' to 'const float'
         Generating Code...
       Link:
         C:\Program Files (x86)\Microsoft Visual Studio 12.0\VC\bin\x86_amd64\link.exe /ERRORREPORT:PROMPT /OUT:"C:\Users\gavinob\documents\visual studio 2013\Projects\SuckerPunch\x64\Debug\SuckerPunch.exe" /INCREMENTAL /NOLOGO /LIBPATH:"C:\SFML-2.3.2\lib" kernel32.lib user32.lib gdi32.lib winspool.lib comdlg32.lib advapi32.lib shell32.lib ole32.lib oleaut32.lib uuid.lib odbc32.lib odbccp32.lib /MANIFEST /MANIFESTUAC:"level='asInvoker' uiAccess='false'" /manifest:embed /DEBUG /PDB:"C:\Users\gavinob\documents\visual studio 2013\Projects\SuckerPunch\x64\Debug\SuckerPunch.pdb" /SUBSYSTEM:CONSOLE /TLBID:1 /DYNAMICBASE /NXCOMPAT /IMPLIB:"C:\Users\gavinob\documents\visual studio 2013\Projects\SuckerPunch\x64\Debug\SuckerPunch.lib" /MACHINE:X64 x64\Debug\Entity.obj
         x64\Debug\Player.obj
         x64\Debug\stdafx.obj
         x64\Debug\SuckerPunch.obj
     1>sfml-graphics-d.lib(sfml-graphics-d-2.dll) : fatal error LNK1112: module machine type 'X86' conflicts with target machine type 'x64'
     1>Done Building Project "C:\Users\gavinob\documents\visual studio 2013\Projects\SuckerPunch\SuckerPunch\SuckerPunch.vcxproj" (Build target(s)) -- FAILED.

Build FAILED.

Time Elapsed 00:00:03.97
